#
# There is insufficient memory for the Java Runtime Environment to continue.
# Native memory allocation (malloc) failed to allocate 1048576 bytes. Error detail: AllocateHeap
# Possible reasons:
#   The system is out of physical RAM or swap space
#   This process is running with CompressedOops enabled, and the Java Heap may be blocking the growth of the native heap
# Possible solutions:
#   Reduce memory load on the system
#   Increase physical memory or swap space
#   Check if swap backing store is full
#   Decrease Java heap size (-Xmx/-Xms)
#   Decrease number of Java threads
#   Decrease Java thread stack sizes (-Xss)
#   Set larger code cache with -XX:ReservedCodeCacheSize=
#   JVM is running with Unscaled Compressed Oops mode in which the Java heap is
#     placed in the first 4GB address space. The Java Heap base address is the
#     maximum limit for the native heap growth. Please use -XX:HeapBaseMinAddress
#     to set the Java Heap base and to place the Java Heap above 4GB virtual address.
# This output file may be truncated or incomplete.
#
#  Out of Memory Error (allocation.cpp:44), pid=22780, tid=17860
#
# JRE version:  (21.0.10+7) (build )
# Java VM: OpenJDK 64-Bit Server VM (21.0.10+7-LTS, mixed mode, sharing, tiered, compressed oops, compressed class ptrs, parallel gc, windows-amd64)
# No core dump will be written. Minidumps are not enabled by default on client versions of Windows
#

---------------  S U M M A R Y ------------

Command Line: --add-modules=ALL-SYSTEM --add-opens=java.base/java.util=ALL-UNNAMED --add-opens=java.base/java.lang=ALL-UNNAMED --add-opens=java.base/sun.nio.fs=ALL-UNNAMED -Declipse.application=org.eclipse.jdt.ls.core.id1 -Dosgi.bundles.defaultStartLevel=4 -Declipse.product=org.eclipse.jdt.ls.core.product -Djava.import.generatesMetadataFilesAtProjectRoot=false -DDetectVMInstallationsJob.disabled=true -Dfile.encoding=utf8 -XX:+UseParallelGC -XX:GCTimeRatio=4 -XX:AdaptiveSizePolicyWeight=90 -Dsun.zip.disableMemoryMapping=true -Xmx2G -Xms100m -Xlog:disable -javaagent:c:\Users\ingri\.vscode\extensions\redhat.java-1.54.0-win32-x64\lombok\lombok-1.18.39-4050.jar -XX:+HeapDumpOnOutOfMemoryError -XX:HeapDumpPath=c:\Users\ingri\AppData\Roaming\Code\User\workspaceStorage\36c7a16f2912bc074cd8ec9c4b8ba0e6\redhat.java -Daether.dependencyCollector.impl=bf c:\Users\ingri\.vscode\extensions\redhat.java-1.54.0-win32-x64\server\plugins\org.eclipse.equinox.launcher_1.7.100.v20251111-0406.jar -configuration c:\Users\ingri\AppData\Roaming\Code\User\globalStorage\redhat.java\1.54.0\config_win -data c:\Users\ingri\AppData\Roaming\Code\User\workspaceStorage\36c7a16f2912bc074cd8ec9c4b8ba0e6\redhat.java\jdt_ws --pipe=\\.\pipe\lsp-d1140c80110c713745e75b4737bb6e80-sock

Host: 12th Gen Intel(R) Core(TM) i5-1235U, 12 cores, 7G,  Windows 11 , 64 bit Build 26100 (10.0.26100.8328)
Time: Mon May 25 22:35:23 2026 Hora oficial do Brasil elapsed time: 0.473006 seconds (0d 0h 0m 0s)

---------------  T H R E A D  ---------------

Current thread (0x000002283f0706f0):  JavaThread "Unknown thread" [_thread_in_vm, id=17860, stack(0x0000005d6ff00000,0x0000005d70000000) (1024K)]

Stack: [0x0000005d6ff00000,0x0000005d70000000]
Native frames: (J=compiled Java code, j=interpreted, Vv=VM code, C=native code)
V  [jvm.dll+0x6d7a39]
V  [jvm.dll+0x8b4b26]
V  [jvm.dll+0x8b70de]
V  [jvm.dll+0x8b77c3]
V  [jvm.dll+0x284346]
V  [jvm.dll+0xc1277]
V  [jvm.dll+0x71518d]
V  [jvm.dll+0x71584c]
V  [jvm.dll+0x6e65d8]
V  [jvm.dll+0x87f17c]
V  [jvm.dll+0x3c49fc]
V  [jvm.dll+0x867e6b]
V  [jvm.dll+0x457b31]
V  [jvm.dll+0x459721]
C  [jli.dll+0x52d0]
C  [ucrtbase.dll+0x37b0]
C  [KERNEL32.DLL+0x2e957]
C  [ntdll.dll+0x427c]


---------------  P R O C E S S  ---------------

Threads class SMR info:
_java_thread_list=0x000002283f097500, length=1, elements={
0x000002283f0706f0
}

Java Threads: ( => current thread )
=>0x000002283f0706f0 JavaThread "Unknown thread"             [_thread_in_vm, id=17860, stack(0x0000005d6ff00000,0x0000005d70000000) (1024K)]
Total: 1

Other Threads:
  0x000002283eefba00 WatcherThread "VM Periodic Task Thread"        [id=25052, stack(0x0000005d70100000,0x0000005d70200000) (1024K)]
  0x000002283f08ecd0 WorkerThread "GC Thread#0"                     [id=424, stack(0x0000005d70000000,0x0000005d70100000) (1024K)]
Total: 2

Threads with active compile tasks:
Total: 0

VM state: not at safepoint (normal execution)

VM Mutex/Monitor currently owned by a thread: None

Heap address: 0x0000000080000000, size: 2048 MB, Compressed Oops mode: 32-bit

CDS archive(s) mapped at: [0x0000022856000000-0x0000022856ba0000-0x0000022856ba0000), size 12189696, SharedBaseAddress: 0x0000022856000000, ArchiveRelocationMode: 1.
Compressed class space mapped at: 0x0000022857000000-0x0000022897000000, reserved size: 1073741824
Narrow klass base: 0x0000022856000000, Narrow klass shift: 0, Narrow klass range: 0x100000000

GC Precious Log:
 CardTable entry size: 512
 CPUs: 12 total, 12 available
 Memory: 7893M
 Large Page Support: Disabled
 NUMA Support: Disabled
 Compressed Oops: Enabled (32-bit)
 Alignments: Space 512K, Generation 512K, Heap 2M
 Heap Min Capacity: 100M
 Heap Initial Capacity: 100M
 Heap Max Capacity: 2G
 Pre-touch: Disabled
 Parallel Workers: 10

Heap:
 PSYoungGen      total 29696K, used 512K [0x00000000d5580000, 0x00000000d7680000, 0x0000000100000000)
  eden space 25600K, 2% used [0x00000000d5580000,0x00000000d5600020,0x00000000d6e80000)
  from space 4096K, 0% used [0x00000000d7280000,0x00000000d7280000,0x00000000d7680000)
  to   space 4096K, 0% used [0x00000000d6e80000,0x00000000d6e80000,0x00000000d7280000)
 ParOldGen       total 68608K, used 0K [0x0000000080000000, 0x0000000084300000, 0x00000000d5580000)
  object space 68608K, 0% used [0x0000000080000000,0x0000000080000000,0x0000000084300000)
 Metaspace       used 0K, committed 0K, reserved 1048576K
  class space    used 0K, committed 0K, reserved 1048576K

Card table byte_map: [0x000002283ea10000,0x000002283ee20000] _byte_map_base: 0x000002283e610000

Marking Bits: (ParMarkBitMap*) 0x00007ffa10893450
 Begin Bits: [0x0000022851520000, 0x0000022853520000)
 End Bits:   [0x0000022853520000, 0x0000022855520000)

Polling page: 0x000002283ce20000

Metaspace:

Usage:
  Non-class:      0 bytes used.
      Class:      0 bytes used.
       Both:      0 bytes used.

Virtual space:
  Non-class space:        0 bytes reserved,       0 bytes (  ?%) committed,  0 nodes.
      Class space:        1.00 GB reserved,       0 bytes (  0%) committed,  1 nodes.
             Both:        1.00 GB reserved,       0 bytes (  0%) committed. 

Chunk freelists:
   Non-Class:  0 bytes
       Class:  16.00 MB
        Both:  16.00 MB

MaxMetaspaceSize: unlimited
CompressedClassSpaceSize: 1.00 GB
Initial GC threshold: 21.00 MB
Current GC threshold: 17179869184.00 GB
CDS: on
 - commit_granule_bytes: 65536.
 - commit_granule_words: 8192.
 - virtual_space_node_default_size: 8388608.
 - enlarge_chunks_in_place: 1.
 - use_allocation_guard: 0.


Internal statistics:

num_allocs_failed_limit: 0.
num_arena_births: 0.
num_arena_deaths: 0.
num_vsnodes_births: 1.
num_vsnodes_deaths: 0.
num_space_committed: 0.
num_space_uncommitted: 0.
num_chunks_returned_to_freelist: 0.
num_chunks_taken_from_freelist: 1.
num_chunk_merges: 0.
num_chunk_splits: 1.
num_chunks_enlarged: 0.
num_inconsistent_stats: 0.

CodeHeap 'non-profiled nmethods': size=120000Kb used=0Kb max_used=0Kb free=120000Kb
 bounds [0x0000022849d40000, 0x0000022849fb0000, 0x0000022851270000]
CodeHeap 'profiled nmethods': size=120000Kb used=0Kb max_used=0Kb free=120000Kb
 bounds [0x0000022842270000, 0x00000228424e0000, 0x00000228497a0000]
CodeHeap 'non-nmethods': size=5760Kb used=194Kb max_used=342Kb free=5565Kb
 bounds [0x00000228497a0000, 0x0000022849a10000, 0x0000022849d40000]
CodeCache: size=245760Kb, used=194Kb, max_used=342Kb, free=245565Kb
 total_blobs=70, nmethods=0, adapters=48, full_count=0
Compilation: enabled, stopped_count=0, restarted_count=0

Compilation events (0 events):
No events

GC Heap History (0 events):
No events

Dll operation events (1 events):
Event: 0.106 Loaded shared library c:\Users\ingri\.vscode\extensions\redhat.java-1.54.0-win32-x64\jre\21.0.10-win32-x86_64\bin\java.dll

Deoptimization events (0 events):
No events

Classes loaded (0 events):
No events

Classes unloaded (0 events):
No events

Classes redefined (0 events):
No events

Internal exceptions (0 events):
No events

ZGC Phase Switch (0 events):
No events

VM Operations (0 events):
No events

Memory protections (0 events):
No events

Nmethod flushes (0 events):
No events

Events (1 events):
Event: 0.120 Thread 0x000002283f0706f0 Thread added: 0x000002283f0706f0


Dynamic libraries:
0x00007ff653080000 - 0x00007ff65308e000 	c:\Users\ingri\.vscode\extensions\redhat.java-1.54.0-win32-x64\jre\21.0.10-win32-x86_64\bin\java.exe
0x00007ffad5ac0000 - 0x00007ffad5d27000 	C:\WINDOWS\SYSTEM32\ntdll.dll
0x00007ffad4df0000 - 0x00007ffad4eb9000 	C:\WINDOWS\System32\KERNEL32.DLL
0x00007ffad3410000 - 0x00007ffad3807000 	C:\WINDOWS\System32\KERNELBASE.dll
0x00007ffad2f80000 - 0x00007ffad30cb000 	C:\WINDOWS\System32\ucrtbase.dll
0x00007ffaa1d80000 - 0x00007ffaa1d9e000 	c:\Users\ingri\.vscode\extensions\redhat.java-1.54.0-win32-x64\jre\21.0.10-win32-x86_64\bin\VCRUNTIME140.dll
0x00007ffaa1df0000 - 0x00007ffaa1e08000 	c:\Users\ingri\.vscode\extensions\redhat.java-1.54.0-win32-x64\jre\21.0.10-win32-x86_64\bin\jli.dll
0x00007ffad4c20000 - 0x00007ffad4de6000 	C:\WINDOWS\System32\USER32.dll
0x00007ffad3810000 - 0x00007ffad3837000 	C:\WINDOWS\System32\win32u.dll
0x00007ffad5600000 - 0x00007ffad562b000 	C:\WINDOWS\System32\GDI32.dll
0x00007ffad3160000 - 0x00007ffad328c000 	C:\WINDOWS\System32\gdi32full.dll
0x00007ffad2ed0000 - 0x00007ffad2f73000 	C:\WINDOWS\System32\msvcp_win.dll
0x00007ffab0c30000 - 0x00007ffab0ec2000 	C:\WINDOWS\WinSxS\amd64_microsoft.windows.common-controls_6595b64144ccf1df_6.0.26100.8457_none_3e0b2faee331e92d\COMCTL32.dll
0x00007ffad4b70000 - 0x00007ffad4c19000 	C:\WINDOWS\System32\msvcrt.dll
0x00007ffad5310000 - 0x00007ffad5342000 	C:\WINDOWS\System32\IMM32.DLL
0x00007ffacdb30000 - 0x00007ffacdb3c000 	c:\Users\ingri\.vscode\extensions\redhat.java-1.54.0-win32-x64\jre\21.0.10-win32-x86_64\bin\vcruntime140_1.dll
0x00007ffa462e0000 - 0x00007ffa4636d000 	c:\Users\ingri\.vscode\extensions\redhat.java-1.54.0-win32-x64\jre\21.0.10-win32-x86_64\bin\msvcp140.dll
0x00007ffa0fbd0000 - 0x00007ffa10971000 	c:\Users\ingri\.vscode\extensions\redhat.java-1.54.0-win32-x64\jre\21.0.10-win32-x86_64\bin\server\jvm.dll
0x00007ffad39b0000 - 0x00007ffad3a66000 	C:\WINDOWS\System32\ADVAPI32.dll
0x00007ffad54f0000 - 0x00007ffad5597000 	C:\WINDOWS\System32\sechost.dll
0x00007ffad50c0000 - 0x00007ffad51d8000 	C:\WINDOWS\System32\RPCRT4.dll
0x00007ffad3a70000 - 0x00007ffad3af0000 	C:\WINDOWS\System32\WS2_32.dll
0x00007ffad2350000 - 0x00007ffad23ae000 	C:\WINDOWS\SYSTEM32\POWRPROF.dll
0x00007ffabc5b0000 - 0x00007ffabc5e6000 	C:\WINDOWS\SYSTEM32\WINMM.dll
0x00007ffab9700000 - 0x00007ffab970b000 	C:\WINDOWS\SYSTEM32\VERSION.dll
0x00007ffad2330000 - 0x00007ffad2344000 	C:\WINDOWS\SYSTEM32\UMPDC.dll
0x00007ffad1280000 - 0x00007ffad129b000 	C:\WINDOWS\SYSTEM32\kernel.appcore.dll
0x00007ffab9f30000 - 0x00007ffab9f3a000 	c:\Users\ingri\.vscode\extensions\redhat.java-1.54.0-win32-x64\jre\21.0.10-win32-x86_64\bin\jimage.dll
0x00007ffad0400000 - 0x00007ffad0642000 	C:\WINDOWS\SYSTEM32\DBGHELP.DLL
0x00007ffad56f0000 - 0x00007ffad5a73000 	C:\WINDOWS\System32\combase.dll
0x00007ffad4310000 - 0x00007ffad43e9000 	C:\WINDOWS\System32\OLEAUT32.dll
0x00007ffab50e0000 - 0x00007ffab511b000 	C:\WINDOWS\SYSTEM32\dbgcore.DLL
0x00007ffad2e20000 - 0x00007ffad2ec8000 	C:\WINDOWS\System32\bcryptPrimitives.dll
0x00007ffab9840000 - 0x00007ffab984f000 	c:\Users\ingri\.vscode\extensions\redhat.java-1.54.0-win32-x64\jre\21.0.10-win32-x86_64\bin\instrument.dll
0x00007ffa9e500000 - 0x00007ffa9e520000 	c:\Users\ingri\.vscode\extensions\redhat.java-1.54.0-win32-x64\jre\21.0.10-win32-x86_64\bin\java.dll

JVMTI agents:
c:\Users\ingri\.vscode\extensions\redhat.java-1.54.0-win32-x64\lombok\lombok-1.18.39-4050.jar path:none, loaded, not initialized, instrumentlib options:none

dbghelp: loaded successfully - version: 4.0.5 - missing functions: none
symbol engine: initialized successfully - sym options: 0x614 - pdb path: .;c:\Users\ingri\.vscode\extensions\redhat.java-1.54.0-win32-x64\jre\21.0.10-win32-x86_64\bin;C:\WINDOWS\SYSTEM32;C:\WINDOWS\WinSxS\amd64_microsoft.windows.common-controls_6595b64144ccf1df_6.0.26100.8457_none_3e0b2faee331e92d;c:\Users\ingri\.vscode\extensions\redhat.java-1.54.0-win32-x64\jre\21.0.10-win32-x86_64\bin\server

VM Arguments:
jvm_args: --add-modules=ALL-SYSTEM --add-opens=java.base/java.util=ALL-UNNAMED --add-opens=java.base/java.lang=ALL-UNNAMED --add-opens=java.base/sun.nio.fs=ALL-UNNAMED -Declipse.application=org.eclipse.jdt.ls.core.id1 -Dosgi.bundles.defaultStartLevel=4 -Declipse.product=org.eclipse.jdt.ls.core.product -Djava.import.generatesMetadataFilesAtProjectRoot=false -DDetectVMInstallationsJob.disabled=true -Dfile.encoding=utf8 -XX:+UseParallelGC -XX:GCTimeRatio=4 -XX:AdaptiveSizePolicyWeight=90 -Dsun.zip.disableMemoryMapping=true -Xmx2G -Xms100m -Xlog:disable -javaagent:c:\Users\ingri\.vscode\extensions\redhat.java-1.54.0-win32-x64\lombok\lombok-1.18.39-4050.jar -XX:+HeapDumpOnOutOfMemoryError -XX:HeapDumpPath=c:\Users\ingri\AppData\Roaming\Code\User\workspaceStorage\36c7a16f2912bc074cd8ec9c4b8ba0e6\redhat.java -Daether.dependencyCollector.impl=bf 
java_command: c:\Users\ingri\.vscode\extensions\redhat.java-1.54.0-win32-x64\server\plugins\org.eclipse.equinox.launcher_1.7.100.v20251111-0406.jar -configuration c:\Users\ingri\AppData\Roaming\Code\User\globalStorage\redhat.java\1.54.0\config_win -data c:\Users\ingri\AppData\Roaming\Code\User\workspaceStorage\36c7a16f2912bc074cd8ec9c4b8ba0e6\redhat.java\jdt_ws --pipe=\\.\pipe\lsp-d1140c80110c713745e75b4737bb6e80-sock
java_class_path (initial): c:\Users\ingri\.vscode\extensions\redhat.java-1.54.0-win32-x64\server\plugins\org.eclipse.equinox.launcher_1.7.100.v20251111-0406.jar
Launcher Type: SUN_STANDARD

[Global flags]
    uintx AdaptiveSizePolicyWeight                 = 90                                        {product} {command line}
     intx CICompilerCount                          = 4                                         {product} {ergonomic}
    uintx GCTimeRatio                              = 4                                         {product} {command line}
     bool HeapDumpOnOutOfMemoryError               = true                                   {manageable} {command line}
    ccstr HeapDumpPath                             = c:\Users\ingri\AppData\Roaming\Code\User\workspaceStorage\36c7a16f2912bc074cd8ec9c4b8ba0e6\redhat.java         {manageable} {command line}
   size_t InitialHeapSize                          = 104857600                                 {product} {command line}
   size_t MaxHeapSize                              = 2147483648                                {product} {command line}
   size_t MaxNewSize                               = 715653120                                 {product} {ergonomic}
   size_t MinHeapDeltaBytes                        = 524288                                    {product} {ergonomic}
   size_t MinHeapSize                              = 104857600                                 {product} {command line}
   size_t NewSize                                  = 34603008                                  {product} {ergonomic}
    uintx NonNMethodCodeHeapSize                   = 5839372                                {pd product} {ergonomic}
    uintx NonProfiledCodeHeapSize                  = 122909434                              {pd product} {ergonomic}
   size_t OldSize                                  = 70254592                                  {product} {ergonomic}
    uintx ProfiledCodeHeapSize                     = 122909434                              {pd product} {ergonomic}
    uintx ReservedCodeCacheSize                    = 251658240                              {pd product} {ergonomic}
     bool SegmentedCodeCache                       = true                                      {product} {ergonomic}
   size_t SoftMaxHeapSize                          = 2147483648                             {manageable} {ergonomic}
     bool UseCompressedOops                        = true                           {product lp64_product} {ergonomic}
     bool UseLargePagesIndividualAllocation        = false                                  {pd product} {ergonomic}
     bool UseParallelGC                            = true                                      {product} {command line}

Logging:
Log output configuration:
 #0: stdout all=off uptime,level,tags foldmultilines=false
 #1: stderr all=off uptime,level,tags foldmultilines=false

Release file:
<release file has not been read>
Environment Variables:
PATH=C:\Program Files\Java\jdk-21\bin;C:\Program Files\Java\jdk-22\bin;C:\Program Files\Common Files\Oracle\Java\javapath;C:\Program Files (x86)\Common Files\Oracle\Java\java8path;C:\Program Files (x86)\Common Files\Oracle\Java\javapath;C:\WINDOWS\system32;C:\WINDOWS;C:\WINDOWS\System32\Wbem;C:\WINDOWS\System32\WindowsPowerShell\v1.0\;C:\WINDOWS\System32\OpenSSH\;C:\MinGW\bin;C:\Program Files\Git\cmd;C:\Program Files (x86)\Microsoft SQL Server\160\Tools\Binn\;C:\Program Files\Microsoft SQL Server\160\Tools\Binn\;C:\Program Files\Microsoft SQL Server\Client SDK\ODBC\170\Tools\Binn\;C:\Program Files\Microsoft SQL Server\160\DTS\Binn\;C:\Users\ingri\Downloads\apache-maven-3.9.9-bin\apache-maven-3.9.9\bin;C:\Program Files\dotnet\;C:\Users\ingri\.jdks\openjdk-22.0.1\bin;C:\Program Files\Amazon\AWSCLIV2\;C:\Program Files\Java\jdk-24\bin;C:\Program Files\nodejs\;C:\Program Files\MySQL\MySQL Server 8.0\bin;;C:\Program Files\Docker\Docker\resources\bin;C:\Users\ingri\AppData\Local\Programs\Python\Python313\Scripts\;C:\Users\ingri\AppData\Local\Programs\Python\Python313\;C:\Program Files\MySQL\MySQL Shell 8.0\bin\;C:\Users\ingri\AppData\Local\Microsoft\WindowsApps;C:\Users\ingri\AppData\Local\Programs\Microsoft VS Code\bin;C:\MinGW\bin;C:\Users\ingri\.dotnet\tools;C:\Users\ingri\AppData\Roaming\npm
USERNAME=ingri
OS=Windows_NT
PROCESSOR_IDENTIFIER=Intel64 Family 6 Model 154 Stepping 4, GenuineIntel
TMP=C:\Users\ingri\AppData\Local\Temp
TEMP=C:\Users\ingri\AppData\Local\Temp




Periodic native trim disabled

---------------  S Y S T E M  ---------------

OS:
 Windows 11 , 64 bit Build 26100 (10.0.26100.8328)
OS uptime: 1 days 0:44 hours
Hyper-V role detected

CPU: total 12 (initial active 12) (6 cores per cpu, 2 threads per core) family 6 model 154 stepping 4 microcode 0x423, cx8, cmov, fxsr, ht, mmx, 3dnowpref, sse, sse2, sse3, ssse3, sse4.1, sse4.2, popcnt, lzcnt, tsc, tscinvbit, avx, avx2, aes, erms, clmul, bmi1, bmi2, adx, sha, fma, vzeroupper, clflush, clflushopt, clwb, hv, serialize, rdtscp, rdpid, fsrm, f16c, cet_ibt, cet_ss
Processor Information for processor 0
  Max Mhz: 1300, Current Mhz: 1300, Mhz Limit: 1300
Processor Information for processor 1
  Max Mhz: 1300, Current Mhz: 1300, Mhz Limit: 1300
Processor Information for processor 2
  Max Mhz: 1300, Current Mhz: 1300, Mhz Limit: 1300
Processor Information for processor 3
  Max Mhz: 1300, Current Mhz: 1300, Mhz Limit: 1300
Processor Information for processor 4
  Max Mhz: 1300, Current Mhz: 900, Mhz Limit: 897
Processor Information for processor 5
  Max Mhz: 1300, Current Mhz: 900, Mhz Limit: 897
Processor Information for processor 6
  Max Mhz: 1300, Current Mhz: 900, Mhz Limit: 897
Processor Information for processor 7
  Max Mhz: 1300, Current Mhz: 900, Mhz Limit: 897
Processor Information for processor 8
  Max Mhz: 1300, Current Mhz: 900, Mhz Limit: 897
Processor Information for processor 9
  Max Mhz: 1300, Current Mhz: 900, Mhz Limit: 897
Processor Information for processor 10
  Max Mhz: 1300, Current Mhz: 900, Mhz Limit: 897
Processor Information for processor 11
  Max Mhz: 1300, Current Mhz: 900, Mhz Limit: 897

Memory: 4k page, system-wide physical 7893M (529M free)
TotalPageFile size 21244M (AvailPageFile size 6M)
current process WorkingSet (physical memory assigned to process): 26M, peak: 26M
current process commit charge ("private bytes"): 220M, peak: 221M

vm_info: OpenJDK 64-Bit Server VM (21.0.10+7-LTS) for windows-amd64 JRE (21.0.10+7-LTS), built on 2026-01-20T00:00:00Z by "admin" with MS VC++ 17.12 (VS2022)

END.
